0 info it worked if it ends with ok
1 verbose cli [ '/usr/local/bin/node', '/usr/local/bin/npm', 'install' ]
2 info using npm@3.8.5
3 info using node@v5.7.0
4 silly loadCurrentTree Starting
5 silly install loadCurrentTree
6 silly install readLocalPackageData
7 silly install normalizeTree
8 silly loadCurrentTree Finishing
9 silly loadIdealTree Starting
10 silly install loadIdealTree
11 silly cloneCurrentTree Starting
12 silly install cloneCurrentTreeToIdealTree
13 silly cloneCurrentTree Finishing
14 silly loadShrinkwrap Starting
15 silly install loadShrinkwrap
16 silly loadShrinkwrap Finishing
17 silly loadAllDepsIntoIdealTree Starting
18 silly install loadAllDepsIntoIdealTree
19 silly fetchNamedPackageData bcrypt
20 silly mapToRegistry name bcrypt
21 silly mapToRegistry using default registry
22 silly mapToRegistry registry https://registry.npmjs.org/
23 silly mapToRegistry data Result {
23 silly mapToRegistry   raw: 'bcrypt',
23 silly mapToRegistry   scope: null,
23 silly mapToRegistry   name: 'bcrypt',
23 silly mapToRegistry   rawSpec: '',
23 silly mapToRegistry   spec: 'latest',
23 silly mapToRegistry   type: 'tag' }
24 silly mapToRegistry uri https://registry.npmjs.org/bcrypt
25 verbose request uri https://registry.npmjs.org/bcrypt
26 verbose request no auth needed
27 info attempt registry request try #1 at 6:17:16 PM
28 verbose request id d4a6fdf5488ed84c
29 verbose etag "DF3EBQ6WR5SIL9XWFAS173WIC"
30 http request GET https://registry.npmjs.org/bcrypt
31 http 304 https://registry.npmjs.org/bcrypt
32 verbose headers { date: 'Mon, 25 Apr 2016 01:17:08 GMT',
32 verbose headers   via: '1.1 varnish',
32 verbose headers   'cache-control': 'max-age=300',
32 verbose headers   etag: '"DF3EBQ6WR5SIL9XWFAS173WIC"',
32 verbose headers   age: '141',
32 verbose headers   connection: 'keep-alive',
32 verbose headers   'x-served-by': 'cache-sjc3120-SJC',
32 verbose headers   'x-cache': 'HIT',
32 verbose headers   'x-cache-hits': '1',
32 verbose headers   'x-timer': 'S1461547028.855351,VS0,VE0',
32 verbose headers   vary: 'Accept-Encoding' }
33 silly get cb [ 304,
33 silly get   { date: 'Mon, 25 Apr 2016 01:17:08 GMT',
33 silly get     via: '1.1 varnish',
33 silly get     'cache-control': 'max-age=300',
33 silly get     etag: '"DF3EBQ6WR5SIL9XWFAS173WIC"',
33 silly get     age: '141',
33 silly get     connection: 'keep-alive',
33 silly get     'x-served-by': 'cache-sjc3120-SJC',
33 silly get     'x-cache': 'HIT',
33 silly get     'x-cache-hits': '1',
33 silly get     'x-timer': 'S1461547028.855351,VS0,VE0',
33 silly get     vary: 'Accept-Encoding' } ]
34 verbose etag https://registry.npmjs.org/bcrypt from cache
35 verbose get saving bcrypt to /Users/stevemclaughlin/.npm/registry.npmjs.org/bcrypt/.cache.json
36 verbose correctMkdir /Users/stevemclaughlin/.npm correctMkdir not in flight; initializing
37 silly resolveWithNewModule bcrypt@0.8.6 checking installable status
38 silly cache add args [ 'bcrypt@^0.8.6', null ]
39 verbose cache add spec bcrypt@^0.8.6
40 silly cache add parsed spec Result {
40 silly cache add   raw: 'bcrypt@^0.8.6',
40 silly cache add   scope: null,
40 silly cache add   name: 'bcrypt',
40 silly cache add   rawSpec: '^0.8.6',
40 silly cache add   spec: '>=0.8.6 <0.9.0',
40 silly cache add   type: 'range' }
41 silly addNamed bcrypt@>=0.8.6 <0.9.0
42 verbose addNamed ">=0.8.6 <0.9.0" is a valid semver range for bcrypt
43 silly addNameRange { name: 'bcrypt', range: '>=0.8.6 <0.9.0', hasData: false }
44 silly mapToRegistry name bcrypt
45 silly mapToRegistry using default registry
46 silly mapToRegistry registry https://registry.npmjs.org/
47 silly mapToRegistry data Result {
47 silly mapToRegistry   raw: 'bcrypt',
47 silly mapToRegistry   scope: null,
47 silly mapToRegistry   name: 'bcrypt',
47 silly mapToRegistry   rawSpec: '',
47 silly mapToRegistry   spec: 'latest',
47 silly mapToRegistry   type: 'tag' }
48 silly mapToRegistry uri https://registry.npmjs.org/bcrypt
49 verbose addNameRange registry:https://registry.npmjs.org/bcrypt not in flight; fetching
50 verbose get https://registry.npmjs.org/bcrypt not expired, no request
51 silly addNameRange number 2 { name: 'bcrypt', range: '>=0.8.6 <0.9.0', hasData: true }
52 silly addNameRange versions [ 'bcrypt',
52 silly addNameRange   [ '0.1.2',
52 silly addNameRange     '0.2.0',
52 silly addNameRange     '0.2.1',
52 silly addNameRange     '0.1.3',
52 silly addNameRange     '0.2.2',
52 silly addNameRange     '0.2.3',
52 silly addNameRange     '0.2.4',
52 silly addNameRange     '0.3.0',
52 silly addNameRange     '0.3.1',
52 silly addNameRange     '0.3.2',
52 silly addNameRange     '0.4.0',
52 silly addNameRange     '0.4.1',
52 silly addNameRange     '0.5.0',
52 silly addNameRange     '0.6.0',
52 silly addNameRange     '0.7.0',
52 silly addNameRange     '0.7.1',
52 silly addNameRange     '0.7.2',
52 silly addNameRange     '0.7.3',
52 silly addNameRange     '0.7.4',
52 silly addNameRange     '0.7.5',
52 silly addNameRange     '0.7.6',
52 silly addNameRange     '0.7.7',
52 silly addNameRange     '0.7.8',
52 silly addNameRange     '0.8.0',
52 silly addNameRange     '0.8.1',
52 silly addNameRange     '0.8.2',
52 silly addNameRange     '0.8.3',
52 silly addNameRange     '0.8.4',
52 silly addNameRange     '0.8.5',
52 silly addNameRange     '0.8.6' ] ]
53 silly addNamed bcrypt@0.8.6
54 verbose addNamed "0.8.6" is a plain semver version for bcrypt
55 silly cache afterAdd bcrypt@0.8.6
56 verbose afterAdd /Users/stevemclaughlin/.npm/bcrypt/0.8.6/package/package.json not in flight; writing
57 verbose correctMkdir /Users/stevemclaughlin/.npm correctMkdir not in flight; initializing
58 verbose afterAdd /Users/stevemclaughlin/.npm/bcrypt/0.8.6/package/package.json written
59 silly fetchNamedPackageData bindings
60 silly mapToRegistry name bindings
61 silly mapToRegistry using default registry
62 silly mapToRegistry registry https://registry.npmjs.org/
63 silly mapToRegistry data Result {
63 silly mapToRegistry   raw: 'bindings',
63 silly mapToRegistry   scope: null,
63 silly mapToRegistry   name: 'bindings',
63 silly mapToRegistry   rawSpec: '',
63 silly mapToRegistry   spec: 'latest',
63 silly mapToRegistry   type: 'tag' }
64 silly mapToRegistry uri https://registry.npmjs.org/bindings
65 silly fetchNamedPackageData nan
66 silly mapToRegistry name nan
67 silly mapToRegistry using default registry
68 silly mapToRegistry registry https://registry.npmjs.org/
69 silly mapToRegistry data Result {
69 silly mapToRegistry   raw: 'nan',
69 silly mapToRegistry   scope: null,
69 silly mapToRegistry   name: 'nan',
69 silly mapToRegistry   rawSpec: '',
69 silly mapToRegistry   spec: 'latest',
69 silly mapToRegistry   type: 'tag' }
70 silly mapToRegistry uri https://registry.npmjs.org/nan
71 verbose request uri https://registry.npmjs.org/bindings
72 verbose request no auth needed
73 info attempt registry request try #1 at 6:17:17 PM
74 verbose etag "1LLBF9OH58DLBEL4629U6032D"
75 http request GET https://registry.npmjs.org/bindings
76 verbose request uri https://registry.npmjs.org/nan
77 verbose request no auth needed
78 info attempt registry request try #1 at 6:17:17 PM
79 verbose etag "BAF0CH6FX7ZGID84VMUQ15OTR"
80 http request GET https://registry.npmjs.org/nan
81 http 304 https://registry.npmjs.org/bindings
82 verbose headers { date: 'Mon, 25 Apr 2016 01:17:09 GMT',
82 verbose headers   via: '1.1 varnish',
82 verbose headers   'cache-control': 'max-age=300',
82 verbose headers   etag: '"1LLBF9OH58DLBEL4629U6032D"',
82 verbose headers   age: '228',
82 verbose headers   connection: 'keep-alive',
82 verbose headers   'x-served-by': 'cache-sjc3120-SJC',
82 verbose headers   'x-cache': 'HIT',
82 verbose headers   'x-cache-hits': '3',
82 verbose headers   'x-timer': 'S1461547029.037243,VS0,VE0',
82 verbose headers   vary: 'Accept-Encoding' }
83 silly get cb [ 304,
83 silly get   { date: 'Mon, 25 Apr 2016 01:17:09 GMT',
83 silly get     via: '1.1 varnish',
83 silly get     'cache-control': 'max-age=300',
83 silly get     etag: '"1LLBF9OH58DLBEL4629U6032D"',
83 silly get     age: '228',
83 silly get     connection: 'keep-alive',
83 silly get     'x-served-by': 'cache-sjc3120-SJC',
83 silly get     'x-cache': 'HIT',
83 silly get     'x-cache-hits': '3',
83 silly get     'x-timer': 'S1461547029.037243,VS0,VE0',
83 silly get     vary: 'Accept-Encoding' } ]
84 verbose etag https://registry.npmjs.org/bindings from cache
85 verbose get saving bindings to /Users/stevemclaughlin/.npm/registry.npmjs.org/bindings/.cache.json
86 verbose correctMkdir /Users/stevemclaughlin/.npm correctMkdir not in flight; initializing
87 silly resolveWithNewModule bindings@1.2.1 checking installable status
88 silly cache add args [ 'bindings@1.2.1', null ]
89 verbose cache add spec bindings@1.2.1
90 silly cache add parsed spec Result {
90 silly cache add   raw: 'bindings@1.2.1',
90 silly cache add   scope: null,
90 silly cache add   name: 'bindings',
90 silly cache add   rawSpec: '1.2.1',
90 silly cache add   spec: '1.2.1',
90 silly cache add   type: 'version' }
91 silly addNamed bindings@1.2.1
92 verbose addNamed "1.2.1" is a plain semver version for bindings
93 silly mapToRegistry name bindings
94 silly mapToRegistry using default registry
95 silly mapToRegistry registry https://registry.npmjs.org/
96 silly mapToRegistry data Result {
96 silly mapToRegistry   raw: 'bindings',
96 silly mapToRegistry   scope: null,
96 silly mapToRegistry   name: 'bindings',
96 silly mapToRegistry   rawSpec: '',
96 silly mapToRegistry   spec: 'latest',
96 silly mapToRegistry   type: 'tag' }
97 silly mapToRegistry uri https://registry.npmjs.org/bindings
98 verbose addNameVersion registry:https://registry.npmjs.org/bindings not in flight; fetching
99 verbose get https://registry.npmjs.org/bindings not expired, no request
100 silly cache afterAdd bindings@1.2.1
101 verbose afterAdd /Users/stevemclaughlin/.npm/bindings/1.2.1/package/package.json not in flight; writing
102 verbose correctMkdir /Users/stevemclaughlin/.npm correctMkdir not in flight; initializing
103 verbose afterAdd /Users/stevemclaughlin/.npm/bindings/1.2.1/package/package.json written
104 http 304 https://registry.npmjs.org/nan
105 verbose headers { date: 'Mon, 25 Apr 2016 01:17:09 GMT',
105 verbose headers   via: '1.1 varnish',
105 verbose headers   'cache-control': 'max-age=300',
105 verbose headers   etag: '"BAF0CH6FX7ZGID84VMUQ15OTR"',
105 verbose headers   age: '80',
105 verbose headers   connection: 'keep-alive',
105 verbose headers   'x-served-by': 'cache-sjc3131-SJC',
105 verbose headers   'x-cache': 'HIT',
105 verbose headers   'x-cache-hits': '2',
105 verbose headers   'x-timer': 'S1461547029.239562,VS0,VE0',
105 verbose headers   vary: 'Accept-Encoding' }
106 silly get cb [ 304,
106 silly get   { date: 'Mon, 25 Apr 2016 01:17:09 GMT',
106 silly get     via: '1.1 varnish',
106 silly get     'cache-control': 'max-age=300',
106 silly get     etag: '"BAF0CH6FX7ZGID84VMUQ15OTR"',
106 silly get     age: '80',
106 silly get     connection: 'keep-alive',
106 silly get     'x-served-by': 'cache-sjc3131-SJC',
106 silly get     'x-cache': 'HIT',
106 silly get     'x-cache-hits': '2',
106 silly get     'x-timer': 'S1461547029.239562,VS0,VE0',
106 silly get     vary: 'Accept-Encoding' } ]
107 verbose etag https://registry.npmjs.org/nan from cache
108 verbose get saving nan to /Users/stevemclaughlin/.npm/registry.npmjs.org/nan/.cache.json
109 verbose correctMkdir /Users/stevemclaughlin/.npm correctMkdir not in flight; initializing
110 silly resolveWithNewModule nan@2.2.1 checking installable status
111 silly cache add args [ 'nan@2.2.1', null ]
112 verbose cache add spec nan@2.2.1
113 silly cache add parsed spec Result {
113 silly cache add   raw: 'nan@2.2.1',
113 silly cache add   scope: null,
113 silly cache add   name: 'nan',
113 silly cache add   rawSpec: '2.2.1',
113 silly cache add   spec: '2.2.1',
113 silly cache add   type: 'version' }
114 silly addNamed nan@2.2.1
115 verbose addNamed "2.2.1" is a plain semver version for nan
116 silly mapToRegistry name nan
117 silly mapToRegistry using default registry
118 silly mapToRegistry registry https://registry.npmjs.org/
119 silly mapToRegistry data Result {
119 silly mapToRegistry   raw: 'nan',
119 silly mapToRegistry   scope: null,
119 silly mapToRegistry   name: 'nan',
119 silly mapToRegistry   rawSpec: '',
119 silly mapToRegistry   spec: 'latest',
119 silly mapToRegistry   type: 'tag' }
120 silly mapToRegistry uri https://registry.npmjs.org/nan
121 verbose addNameVersion registry:https://registry.npmjs.org/nan not in flight; fetching
122 verbose get https://registry.npmjs.org/nan not expired, no request
123 silly cache afterAdd nan@2.2.1
124 verbose afterAdd /Users/stevemclaughlin/.npm/nan/2.2.1/package/package.json not in flight; writing
125 verbose correctMkdir /Users/stevemclaughlin/.npm correctMkdir not in flight; initializing
126 verbose afterAdd /Users/stevemclaughlin/.npm/nan/2.2.1/package/package.json written
127 silly loadAllDepsIntoIdealTree Finishing
128 silly idealTree:prePrune code_spot@1.0.0
128 silly idealTree:prePrune ├── accepts@1.2.13
128 silly idealTree:prePrune ├── acorn-globals@1.0.9
128 silly idealTree:prePrune ├── acorn@2.7.0
128 silly idealTree:prePrune ├── align-text@0.1.4
128 silly idealTree:prePrune ├── amdefine@1.0.0
128 silly idealTree:prePrune ├── ansi-regex@2.0.0
128 silly idealTree:prePrune ├── ansi-styles@2.2.1
128 silly idealTree:prePrune ├── ap@0.2.0
128 silly idealTree:prePrune ├── array-flatten@1.1.1
128 silly idealTree:prePrune ├── asap@1.0.0
128 silly idealTree:prePrune ├── assertion-error@1.0.1
128 silly idealTree:prePrune ├── async@0.2.10
128 silly idealTree:prePrune ├── babel-code-frame@6.7.7
128 silly idealTree:prePrune ├── babel-eslint@6.0.3
128 silly idealTree:prePrune ├── babel-messages@6.7.2
128 silly idealTree:prePrune ├── babel-runtime@5.8.38
128 silly idealTree:prePrune ├── babel-traverse@6.7.6
128 silly idealTree:prePrune ├── babel-types@6.7.7
128 silly idealTree:prePrune ├── babylon@6.7.0
128 silly idealTree:prePrune ├── balanced-match@0.3.0
128 silly idealTree:prePrune ├── basic-auth@1.0.3
128 silly idealTree:prePrune ├── bcrypt@0.8.6
128 silly idealTree:prePrune ├── bindings@1.2.1
128 silly idealTree:prePrune ├── bluebird@2.10.2
128 silly idealTree:prePrune ├── body-parser@1.15.0
128 silly idealTree:prePrune ├── brace-expansion@1.1.3
128 silly idealTree:prePrune ├── buffer-writer@1.0.1
128 silly idealTree:prePrune ├── bytes@2.2.0
128 silly idealTree:prePrune ├── camelcase@1.2.1
128 silly idealTree:prePrune ├── center-align@0.1.3
128 silly idealTree:prePrune ├── chai@3.5.0
128 silly idealTree:prePrune ├── chalk@1.1.3
128 silly idealTree:prePrune ├── character-parser@1.2.1
128 silly idealTree:prePrune ├─┬ clean-css@3.4.12
128 silly idealTree:prePrune │ └── commander@2.8.1
128 silly idealTree:prePrune ├─┬ cliui@2.1.0
128 silly idealTree:prePrune │ └── wordwrap@0.0.2
128 silly idealTree:prePrune ├── combined-stream@1.0.5
128 silly idealTree:prePrune ├── commander@2.6.0
128 silly idealTree:prePrune ├── component-emitter@1.2.1
128 silly idealTree:prePrune ├── concat-map@0.0.1
128 silly idealTree:prePrune ├── connect-flash@0.1.1
128 silly idealTree:prePrune ├── constantinople@3.0.2
128 silly idealTree:prePrune ├── content-disposition@0.5.1
128 silly idealTree:prePrune ├── content-type@1.0.1
128 silly idealTree:prePrune ├── cookie-session@2.0.0-alpha.1
128 silly idealTree:prePrune ├── cookie-signature@1.0.6
128 silly idealTree:prePrune ├── cookie@0.1.5
128 silly idealTree:prePrune ├── cookiejar@2.0.6
128 silly idealTree:prePrune ├── cookies@0.5.1
128 silly idealTree:prePrune ├── core-js@1.2.6
128 silly idealTree:prePrune ├── core-util-is@1.0.2
128 silly idealTree:prePrune ├── css-parse@1.0.4
128 silly idealTree:prePrune ├── css-stringify@1.0.5
128 silly idealTree:prePrune ├── css@1.0.8
128 silly idealTree:prePrune ├── debug@2.2.0
128 silly idealTree:prePrune ├── decamelize@1.2.0
128 silly idealTree:prePrune ├─┬ deep-eql@0.1.3
128 silly idealTree:prePrune │ └── type-detect@0.1.1
128 silly idealTree:prePrune ├── delayed-stream@1.0.0
128 silly idealTree:prePrune ├── depd@1.1.0
128 silly idealTree:prePrune ├── destroy@1.0.4
128 silly idealTree:prePrune ├── diff@1.4.0
128 silly idealTree:prePrune ├── dotenv@2.0.0
128 silly idealTree:prePrune ├── double-ended-queue@2.1.0-0
128 silly idealTree:prePrune ├── ee-first@1.1.1
128 silly idealTree:prePrune ├── escape-html@1.0.3
128 silly idealTree:prePrune ├── escape-string-regexp@1.0.5
128 silly idealTree:prePrune ├── esutils@2.0.2
128 silly idealTree:prePrune ├── etag@1.7.0
128 silly idealTree:prePrune ├─┬ express@4.13.4
128 silly idealTree:prePrune │ └── qs@4.0.0
128 silly idealTree:prePrune ├── extend@2.0.1
128 silly idealTree:prePrune ├── finalhandler@0.4.1
128 silly idealTree:prePrune ├── findup-sync@0.2.1
128 silly idealTree:prePrune ├── flagged-respawn@0.3.2
128 silly idealTree:prePrune ├─┬ form-data@1.0.0-rc3
128 silly idealTree:prePrune │ └── async@1.5.2
128 silly idealTree:prePrune ├── formidable@1.0.17
128 silly idealTree:prePrune ├── forwarded@0.1.0
128 silly idealTree:prePrune ├── fresh@0.3.0
128 silly idealTree:prePrune ├── generic-pool@2.1.1
128 silly idealTree:prePrune ├── glob@4.3.5
128 silly idealTree:prePrune ├── globals@8.18.0
128 silly idealTree:prePrune ├── graceful-fs@2.0.3
128 silly idealTree:prePrune ├── graceful-readlink@1.0.1
128 silly idealTree:prePrune ├── growl@1.8.1
128 silly idealTree:prePrune ├── has-ansi@2.0.0
128 silly idealTree:prePrune ├── hashmap@2.0.5
128 silly idealTree:prePrune ├── http-errors@1.4.0
128 silly idealTree:prePrune ├── iconv-lite@0.4.13
128 silly idealTree:prePrune ├── inflight@1.0.4
128 silly idealTree:prePrune ├── inherits@2.0.1
128 silly idealTree:prePrune ├── interpret@0.6.6
128 silly idealTree:prePrune ├── invariant@2.2.1
128 silly idealTree:prePrune ├── ipaddr.js@1.0.5
128 silly idealTree:prePrune ├── is-buffer@1.1.3
128 silly idealTree:prePrune ├── is-finite@1.0.1
128 silly idealTree:prePrune ├── is-promise@2.1.0
128 silly idealTree:prePrune ├── isarray@0.0.1
128 silly idealTree:prePrune ├── jade@1.11.0
128 silly idealTree:prePrune ├── js-tokens@1.0.3
128 silly idealTree:prePrune ├── jstransformer@0.0.2
128 silly idealTree:prePrune ├── keygrip@1.0.1
128 silly idealTree:prePrune ├── kind-of@3.0.2
128 silly idealTree:prePrune ├─┬ knex@0.10.0
128 silly idealTree:prePrune │ └── minimist@1.1.3
128 silly idealTree:prePrune ├── lazy-cache@1.0.4
128 silly idealTree:prePrune ├─┬ liftoff@2.0.3
128 silly idealTree:prePrune │ └── minimist@1.1.3
128 silly idealTree:prePrune ├── lodash._baseassign@3.2.0
128 silly idealTree:prePrune ├── lodash._basecopy@3.0.1
128 silly idealTree:prePrune ├── lodash._baseflatten@3.1.4
128 silly idealTree:prePrune ├── lodash._basefor@3.0.3
128 silly idealTree:prePrune ├── lodash._bindcallback@3.0.1
128 silly idealTree:prePrune ├── lodash._createassigner@3.1.1
128 silly idealTree:prePrune ├── lodash._getnative@3.9.1
128 silly idealTree:prePrune ├── lodash._isiterateecall@3.0.9
128 silly idealTree:prePrune ├── lodash._pickbyarray@3.0.2
128 silly idealTree:prePrune ├── lodash._pickbycallback@3.0.0
128 silly idealTree:prePrune ├── lodash.assign@3.2.0
128 silly idealTree:prePrune ├── lodash.isarguments@3.0.8
128 silly idealTree:prePrune ├── lodash.isarray@3.0.4
128 silly idealTree:prePrune ├── lodash.keys@3.1.2
128 silly idealTree:prePrune ├── lodash.keysin@3.0.8
128 silly idealTree:prePrune ├── lodash.pick@3.1.0
128 silly idealTree:prePrune ├── lodash.restparam@3.6.1
128 silly idealTree:prePrune ├── lodash@3.10.1
128 silly idealTree:prePrune ├── longest@1.0.1
128 silly idealTree:prePrune ├── loose-envify@1.1.0
128 silly idealTree:prePrune ├── lru-cache@2.7.3
128 silly idealTree:prePrune ├── media-typer@0.3.0
128 silly idealTree:prePrune ├── merge-descriptors@1.0.1
128 silly idealTree:prePrune ├── method-override@2.3.5
128 silly idealTree:prePrune ├── methods@1.1.2
128 silly idealTree:prePrune ├── mime-db@1.22.0
128 silly idealTree:prePrune ├── mime-types@2.1.10
128 silly idealTree:prePrune ├── mime@1.3.4
128 silly idealTree:prePrune ├── minimatch@2.0.10
128 silly idealTree:prePrune ├── minimist@0.0.8
128 silly idealTree:prePrune ├── mkdirp@0.5.1
128 silly idealTree:prePrune ├─┬ mocha@2.4.5
128 silly idealTree:prePrune │ ├── commander@2.3.0
128 silly idealTree:prePrune │ ├── escape-string-regexp@1.0.2
128 silly idealTree:prePrune │ ├── glob@3.2.3
128 silly idealTree:prePrune │ ├─┬ jade@0.26.3
128 silly idealTree:prePrune │ │ ├── commander@0.6.1
128 silly idealTree:prePrune │ │ └── mkdirp@0.3.0
128 silly idealTree:prePrune │ ├── minimatch@0.2.14
128 silly idealTree:prePrune │ └── supports-color@1.2.0
128 silly idealTree:prePrune ├── morgan@1.7.0
128 silly idealTree:prePrune ├── ms@0.7.1
128 silly idealTree:prePrune ├── nan@2.2.1
128 silly idealTree:prePrune ├── negotiator@0.5.3
128 silly idealTree:prePrune ├── number-is-nan@1.0.0
128 silly idealTree:prePrune ├── oauth@0.9.14
128 silly idealTree:prePrune ├── on-finished@2.3.0
128 silly idealTree:prePrune ├── on-headers@1.0.1
128 silly idealTree:prePrune ├── once@1.3.3
128 silly idealTree:prePrune ├── optimist@0.3.7
128 silly idealTree:prePrune ├── packet-reader@0.2.0
128 silly idealTree:prePrune ├── parseurl@1.3.1
128 silly idealTree:prePrune ├── passport-facebook@2.1.0
128 silly idealTree:prePrune ├── passport-github2@0.1.10
128 silly idealTree:prePrune ├── passport-local@1.0.0
128 silly idealTree:prePrune ├── passport-oauth2@1.3.0
128 silly idealTree:prePrune ├── passport-strategy@1.0.0
128 silly idealTree:prePrune ├── passport@0.3.2
128 silly idealTree:prePrune ├── path-to-regexp@0.1.7
128 silly idealTree:prePrune ├── pause@0.0.1
128 silly idealTree:prePrune ├── pg-connection-string@0.1.3
128 silly idealTree:prePrune ├── pg-types@1.11.0
128 silly idealTree:prePrune ├── pg@4.5.3
128 silly idealTree:prePrune ├── pgpass@0.0.3
128 silly idealTree:prePrune ├── pool2@1.3.4
128 silly idealTree:prePrune ├── postgres-array@1.0.0
128 silly idealTree:prePrune ├── postgres-bytea@1.0.0
128 silly idealTree:prePrune ├── postgres-date@1.0.1
128 silly idealTree:prePrune ├── postgres-interval@1.0.2
128 silly idealTree:prePrune ├── promise@6.1.0
128 silly idealTree:prePrune ├── proxy-addr@1.0.10
128 silly idealTree:prePrune ├── qs@6.1.0
128 silly idealTree:prePrune ├── range-parser@1.0.3
128 silly idealTree:prePrune ├─┬ raw-body@2.1.6
128 silly idealTree:prePrune │ └── bytes@2.3.0
128 silly idealTree:prePrune ├── readable-stream@1.1.14
128 silly idealTree:prePrune ├── reduce-component@1.0.1
128 silly idealTree:prePrune ├── repeat-string@1.5.4
128 silly idealTree:prePrune ├── repeating@1.1.3
128 silly idealTree:prePrune ├── resolve@1.1.7
128 silly idealTree:prePrune ├── right-align@0.1.3
128 silly idealTree:prePrune ├── semver@4.3.6
128 silly idealTree:prePrune ├─┬ send@0.13.1
128 silly idealTree:prePrune │ └── http-errors@1.3.1
128 silly idealTree:prePrune ├── serve-static@1.10.2
128 silly idealTree:prePrune ├── sigmund@1.0.1
128 silly idealTree:prePrune ├── simple-backoff@1.0.0
128 silly idealTree:prePrune ├── source-map@0.4.4
128 silly idealTree:prePrune ├── split@0.3.3
128 silly idealTree:prePrune ├── statuses@1.2.1
128 silly idealTree:prePrune ├── string_decoder@0.10.31
128 silly idealTree:prePrune ├── strip-ansi@3.0.1
128 silly idealTree:prePrune ├─┬ superagent@1.8.3
128 silly idealTree:prePrune │ ├── extend@3.0.0
128 silly idealTree:prePrune │ ├── qs@2.3.3
128 silly idealTree:prePrune │ └── readable-stream@1.0.27-1
128 silly idealTree:prePrune ├── supertest@1.2.0
128 silly idealTree:prePrune ├── supports-color@2.0.0
128 silly idealTree:prePrune ├── through@2.3.8
128 silly idealTree:prePrune ├── tildify@1.0.0
128 silly idealTree:prePrune ├── to-fast-properties@1.0.2
128 silly idealTree:prePrune ├─┬ transformers@2.1.0
128 silly idealTree:prePrune │ ├── is-promise@1.0.1
128 silly idealTree:prePrune │ ├── promise@2.0.0
128 silly idealTree:prePrune │ ├── source-map@0.1.43
128 silly idealTree:prePrune │ └── uglify-js@2.2.5
128 silly idealTree:prePrune ├── type-detect@1.0.0
128 silly idealTree:prePrune ├── type-is@1.6.12
128 silly idealTree:prePrune ├─┬ uglify-js@2.6.2
128 silly idealTree:prePrune │ └── source-map@0.5.4
128 silly idealTree:prePrune ├── uglify-to-browserify@1.0.2
128 silly idealTree:prePrune ├── uid2@0.0.3
128 silly idealTree:prePrune ├── unpipe@1.0.0
128 silly idealTree:prePrune ├── user-home@1.1.1
128 silly idealTree:prePrune ├── utils-merge@1.0.0
128 silly idealTree:prePrune ├── v8flags@2.0.11
128 silly idealTree:prePrune ├── vary@1.0.1
128 silly idealTree:prePrune ├── void-elements@2.0.1
128 silly idealTree:prePrune ├── window-size@0.1.0
128 silly idealTree:prePrune ├─┬ with@4.0.3
128 silly idealTree:prePrune │ └── acorn@1.2.2
128 silly idealTree:prePrune ├── wordwrap@0.0.3
128 silly idealTree:prePrune ├── wrappy@1.0.1
128 silly idealTree:prePrune ├── xtend@4.0.1
128 silly idealTree:prePrune └── yargs@3.10.0
129 silly loadIdealTree Finishing
130 silly currentTree code_spot@1.0.0
130 silly currentTree ├── accepts@1.2.13
130 silly currentTree ├── acorn-globals@1.0.9
130 silly currentTree ├── acorn@2.7.0
130 silly currentTree ├── align-text@0.1.4
130 silly currentTree ├── amdefine@1.0.0
130 silly currentTree ├── ansi-regex@2.0.0
130 silly currentTree ├── ansi-styles@2.2.1
130 silly currentTree ├── ap@0.2.0
130 silly currentTree ├── array-flatten@1.1.1
130 silly currentTree ├── asap@1.0.0
130 silly currentTree ├── assertion-error@1.0.1
130 silly currentTree ├── async@0.2.10
130 silly currentTree ├── babel-code-frame@6.7.7
130 silly currentTree ├── babel-eslint@6.0.3
130 silly currentTree ├── babel-messages@6.7.2
130 silly currentTree ├── babel-runtime@5.8.38
130 silly currentTree ├── babel-traverse@6.7.6
130 silly currentTree ├── babel-types@6.7.7
130 silly currentTree ├── babylon@6.7.0
130 silly currentTree ├── balanced-match@0.3.0
130 silly currentTree ├── basic-auth@1.0.3
130 silly currentTree ├── bluebird@2.10.2
130 silly currentTree ├── body-parser@1.15.0
130 silly currentTree ├── brace-expansion@1.1.3
130 silly currentTree ├── buffer-writer@1.0.1
130 silly currentTree ├── bytes@2.2.0
130 silly currentTree ├── camelcase@1.2.1
130 silly currentTree ├── center-align@0.1.3
130 silly currentTree ├── chai@3.5.0
130 silly currentTree ├── chalk@1.1.3
130 silly currentTree ├── character-parser@1.2.1
130 silly currentTree ├─┬ clean-css@3.4.12
130 silly currentTree │ └── commander@2.8.1
130 silly currentTree ├─┬ cliui@2.1.0
130 silly currentTree │ └── wordwrap@0.0.2
130 silly currentTree ├── combined-stream@1.0.5
130 silly currentTree ├── commander@2.6.0
130 silly currentTree ├── component-emitter@1.2.1
130 silly currentTree ├── concat-map@0.0.1
130 silly currentTree ├── connect-flash@0.1.1
130 silly currentTree ├── constantinople@3.0.2
130 silly currentTree ├── content-disposition@0.5.1
130 silly currentTree ├── content-type@1.0.1
130 silly currentTree ├── cookie-session@2.0.0-alpha.1
130 silly currentTree ├── cookie-signature@1.0.6
130 silly currentTree ├── cookie@0.1.5
130 silly currentTree ├── cookiejar@2.0.6
130 silly currentTree ├── cookies@0.5.1
130 silly currentTree ├── core-js@1.2.6
130 silly currentTree ├── core-util-is@1.0.2
130 silly currentTree ├── css-parse@1.0.4
130 silly currentTree ├── css-stringify@1.0.5
130 silly currentTree ├── css@1.0.8
130 silly currentTree ├── debug@2.2.0
130 silly currentTree ├── decamelize@1.2.0
130 silly currentTree ├─┬ deep-eql@0.1.3
130 silly currentTree │ └── type-detect@0.1.1
130 silly currentTree ├── delayed-stream@1.0.0
130 silly currentTree ├── depd@1.1.0
130 silly currentTree ├── destroy@1.0.4
130 silly currentTree ├── diff@1.4.0
130 silly currentTree ├── dotenv@2.0.0
130 silly currentTree ├── double-ended-queue@2.1.0-0
130 silly currentTree ├── ee-first@1.1.1
130 silly currentTree ├── escape-html@1.0.3
130 silly currentTree ├── escape-string-regexp@1.0.5
130 silly currentTree ├── esutils@2.0.2
130 silly currentTree ├── etag@1.7.0
130 silly currentTree ├─┬ express@4.13.4
130 silly currentTree │ └── qs@4.0.0
130 silly currentTree ├── extend@2.0.1
130 silly currentTree ├── finalhandler@0.4.1
130 silly currentTree ├── findup-sync@0.2.1
130 silly currentTree ├── flagged-respawn@0.3.2
130 silly currentTree ├─┬ form-data@1.0.0-rc3
130 silly currentTree │ └── async@1.5.2
130 silly currentTree ├── formidable@1.0.17
130 silly currentTree ├── forwarded@0.1.0
130 silly currentTree ├── fresh@0.3.0
130 silly currentTree ├── generic-pool@2.1.1
130 silly currentTree ├── glob@4.3.5
130 silly currentTree ├── globals@8.18.0
130 silly currentTree ├── graceful-fs@2.0.3
130 silly currentTree ├── graceful-readlink@1.0.1
130 silly currentTree ├── growl@1.8.1
130 silly currentTree ├── has-ansi@2.0.0
130 silly currentTree ├── hashmap@2.0.5
130 silly currentTree ├── http-errors@1.4.0
130 silly currentTree ├── iconv-lite@0.4.13
130 silly currentTree ├── inflight@1.0.4
130 silly currentTree ├── inherits@2.0.1
130 silly currentTree ├── interpret@0.6.6
130 silly currentTree ├── invariant@2.2.1
130 silly currentTree ├── ipaddr.js@1.0.5
130 silly currentTree ├── is-buffer@1.1.3
130 silly currentTree ├── is-finite@1.0.1
130 silly currentTree ├── is-promise@2.1.0
130 silly currentTree ├── isarray@0.0.1
130 silly currentTree ├── jade@1.11.0
130 silly currentTree ├── js-tokens@1.0.3
130 silly currentTree ├── jstransformer@0.0.2
130 silly currentTree ├── keygrip@1.0.1
130 silly currentTree ├── kind-of@3.0.2
130 silly currentTree ├─┬ knex@0.10.0
130 silly currentTree │ └── minimist@1.1.3
130 silly currentTree ├── lazy-cache@1.0.4
130 silly currentTree ├─┬ liftoff@2.0.3
130 silly currentTree │ └── minimist@1.1.3
130 silly currentTree ├── lodash._baseassign@3.2.0
130 silly currentTree ├── lodash._basecopy@3.0.1
130 silly currentTree ├── lodash._baseflatten@3.1.4
130 silly currentTree ├── lodash._basefor@3.0.3
130 silly currentTree ├── lodash._bindcallback@3.0.1
130 silly currentTree ├── lodash._createassigner@3.1.1
130 silly currentTree ├── lodash._getnative@3.9.1
130 silly currentTree ├── lodash._isiterateecall@3.0.9
130 silly currentTree ├── lodash._pickbyarray@3.0.2
130 silly currentTree ├── lodash._pickbycallback@3.0.0
130 silly currentTree ├── lodash.assign@3.2.0
130 silly currentTree ├── lodash.isarguments@3.0.8
130 silly currentTree ├── lodash.isarray@3.0.4
130 silly currentTree ├── lodash.keys@3.1.2
130 silly currentTree ├── lodash.keysin@3.0.8
130 silly currentTree ├── lodash.pick@3.1.0
130 silly currentTree ├── lodash.restparam@3.6.1
130 silly currentTree ├── lodash@3.10.1
130 silly currentTree ├── longest@1.0.1
130 silly currentTree ├── loose-envify@1.1.0
130 silly currentTree ├── lru-cache@2.7.3
130 silly currentTree ├── media-typer@0.3.0
130 silly currentTree ├── merge-descriptors@1.0.1
130 silly currentTree ├── method-override@2.3.5
130 silly currentTree ├── methods@1.1.2
130 silly currentTree ├── mime-db@1.22.0
130 silly currentTree ├── mime-types@2.1.10
130 silly currentTree ├── mime@1.3.4
130 silly currentTree ├── minimatch@2.0.10
130 silly currentTree ├── minimist@0.0.8
130 silly currentTree ├── mkdirp@0.5.1
130 silly currentTree ├─┬ mocha@2.4.5
130 silly currentTree │ ├── commander@2.3.0
130 silly currentTree │ ├── escape-string-regexp@1.0.2
130 silly currentTree │ ├── glob@3.2.3
130 silly currentTree │ ├─┬ jade@0.26.3
130 silly currentTree │ │ ├── commander@0.6.1
130 silly currentTree │ │ └── mkdirp@0.3.0
130 silly currentTree │ ├── minimatch@0.2.14
130 silly currentTree │ └── supports-color@1.2.0
130 silly currentTree ├── morgan@1.7.0
130 silly currentTree ├── ms@0.7.1
130 silly currentTree ├── negotiator@0.5.3
130 silly currentTree ├── number-is-nan@1.0.0
130 silly currentTree ├── oauth@0.9.14
130 silly currentTree ├── on-finished@2.3.0
130 silly currentTree ├── on-headers@1.0.1
130 silly currentTree ├── once@1.3.3
130 silly currentTree ├── optimist@0.3.7
130 silly currentTree ├── packet-reader@0.2.0
130 silly currentTree ├── parseurl@1.3.1
130 silly currentTree ├── passport-facebook@2.1.0
130 silly currentTree ├── passport-github2@0.1.10
130 silly currentTree ├── passport-local@1.0.0
130 silly currentTree ├── passport-oauth2@1.3.0
130 silly currentTree ├── passport-strategy@1.0.0
130 silly currentTree ├── passport@0.3.2
130 silly currentTree ├── path-to-regexp@0.1.7
130 silly currentTree ├── pause@0.0.1
130 silly currentTree ├── pg-connection-string@0.1.3
130 silly currentTree ├── pg-types@1.11.0
130 silly currentTree ├── pg@4.5.3
130 silly currentTree ├── pgpass@0.0.3
130 silly currentTree ├── pool2@1.3.4
130 silly currentTree ├── postgres-array@1.0.0
130 silly currentTree ├── postgres-bytea@1.0.0
130 silly currentTree ├── postgres-date@1.0.1
130 silly currentTree ├── postgres-interval@1.0.2
130 silly currentTree ├── promise@6.1.0
130 silly currentTree ├── proxy-addr@1.0.10
130 silly currentTree ├── qs@6.1.0
130 silly currentTree ├── range-parser@1.0.3
130 silly currentTree ├─┬ raw-body@2.1.6
130 silly currentTree │ └── bytes@2.3.0
130 silly currentTree ├── readable-stream@1.1.14
130 silly currentTree ├── reduce-component@1.0.1
130 silly currentTree ├── repeat-string@1.5.4
130 silly currentTree ├── repeating@1.1.3
130 silly currentTree ├── resolve@1.1.7
130 silly currentTree ├── right-align@0.1.3
130 silly currentTree ├── semver@4.3.6
130 silly currentTree ├─┬ send@0.13.1
130 silly currentTree │ └── http-errors@1.3.1
130 silly currentTree ├── serve-static@1.10.2
130 silly currentTree ├── sigmund@1.0.1
130 silly currentTree ├── simple-backoff@1.0.0
130 silly currentTree ├── source-map@0.4.4
130 silly currentTree ├── split@0.3.3
130 silly currentTree ├── statuses@1.2.1
130 silly currentTree ├── string_decoder@0.10.31
130 silly currentTree ├── strip-ansi@3.0.1
130 silly currentTree ├─┬ superagent@1.8.3
130 silly currentTree │ ├── extend@3.0.0
130 silly currentTree │ ├── qs@2.3.3
130 silly currentTree │ └── readable-stream@1.0.27-1
130 silly currentTree ├── supertest@1.2.0
130 silly currentTree ├── supports-color@2.0.0
130 silly currentTree ├── through@2.3.8
130 silly currentTree ├── tildify@1.0.0
130 silly currentTree ├── to-fast-properties@1.0.2
130 silly currentTree ├─┬ transformers@2.1.0
130 silly currentTree │ ├── is-promise@1.0.1
130 silly currentTree │ ├── promise@2.0.0
130 silly currentTree │ ├── source-map@0.1.43
130 silly currentTree │ └── uglify-js@2.2.5
130 silly currentTree ├── type-detect@1.0.0
130 silly currentTree ├── type-is@1.6.12
130 silly currentTree ├─┬ uglify-js@2.6.2
130 silly currentTree │ └── source-map@0.5.4
130 silly currentTree ├── uglify-to-browserify@1.0.2
130 silly currentTree ├── uid2@0.0.3
130 silly currentTree ├── unpipe@1.0.0
130 silly currentTree ├── user-home@1.1.1
130 silly currentTree ├── utils-merge@1.0.0
130 silly currentTree ├── v8flags@2.0.11
130 silly currentTree ├── vary@1.0.1
130 silly currentTree ├── void-elements@2.0.1
130 silly currentTree ├── window-size@0.1.0
130 silly currentTree ├─┬ with@4.0.3
130 silly currentTree │ └── acorn@1.2.2
130 silly currentTree ├── wordwrap@0.0.3
130 silly currentTree ├── wrappy@1.0.1
130 silly currentTree ├── xtend@4.0.1
130 silly currentTree └── yargs@3.10.0
131 silly idealTree code_spot@1.0.0
131 silly idealTree ├── accepts@1.2.13
131 silly idealTree ├── acorn-globals@1.0.9
131 silly idealTree ├── acorn@2.7.0
131 silly idealTree ├── align-text@0.1.4
131 silly idealTree ├── amdefine@1.0.0
131 silly idealTree ├── ansi-regex@2.0.0
131 silly idealTree ├── ansi-styles@2.2.1
131 silly idealTree ├── ap@0.2.0
131 silly idealTree ├── array-flatten@1.1.1
131 silly idealTree ├── asap@1.0.0
131 silly idealTree ├── assertion-error@1.0.1
131 silly idealTree ├── async@0.2.10
131 silly idealTree ├── babel-code-frame@6.7.7
131 silly idealTree ├── babel-eslint@6.0.3
131 silly idealTree ├── babel-messages@6.7.2
131 silly idealTree ├── babel-runtime@5.8.38
131 silly idealTree ├── babel-traverse@6.7.6
131 silly idealTree ├── babel-types@6.7.7
131 silly idealTree ├── babylon@6.7.0
131 silly idealTree ├── balanced-match@0.3.0
131 silly idealTree ├── basic-auth@1.0.3
131 silly idealTree ├── bcrypt@0.8.6
131 silly idealTree ├── bindings@1.2.1
131 silly idealTree ├── bluebird@2.10.2
131 silly idealTree ├── body-parser@1.15.0
131 silly idealTree ├── brace-expansion@1.1.3
131 silly idealTree ├── buffer-writer@1.0.1
131 silly idealTree ├── bytes@2.2.0
131 silly idealTree ├── camelcase@1.2.1
131 silly idealTree ├── center-align@0.1.3
131 silly idealTree ├── chai@3.5.0
131 silly idealTree ├── chalk@1.1.3
131 silly idealTree ├── character-parser@1.2.1
131 silly idealTree ├─┬ clean-css@3.4.12
131 silly idealTree │ └── commander@2.8.1
131 silly idealTree ├─┬ cliui@2.1.0
131 silly idealTree │ └── wordwrap@0.0.2
131 silly idealTree ├── combined-stream@1.0.5
131 silly idealTree ├── commander@2.6.0
131 silly idealTree ├── component-emitter@1.2.1
131 silly idealTree ├── concat-map@0.0.1
131 silly idealTree ├── connect-flash@0.1.1
131 silly idealTree ├── constantinople@3.0.2
131 silly idealTree ├── content-disposition@0.5.1
131 silly idealTree ├── content-type@1.0.1
131 silly idealTree ├── cookie-session@2.0.0-alpha.1
131 silly idealTree ├── cookie-signature@1.0.6
131 silly idealTree ├── cookie@0.1.5
131 silly idealTree ├── cookiejar@2.0.6
131 silly idealTree ├── cookies@0.5.1
131 silly idealTree ├── core-js@1.2.6
131 silly idealTree ├── core-util-is@1.0.2
131 silly idealTree ├── css-parse@1.0.4
131 silly idealTree ├── css-stringify@1.0.5
131 silly idealTree ├── css@1.0.8
131 silly idealTree ├── debug@2.2.0
131 silly idealTree ├── decamelize@1.2.0
131 silly idealTree ├─┬ deep-eql@0.1.3
131 silly idealTree │ └── type-detect@0.1.1
131 silly idealTree ├── delayed-stream@1.0.0
131 silly idealTree ├── depd@1.1.0
131 silly idealTree ├── destroy@1.0.4
131 silly idealTree ├── diff@1.4.0
131 silly idealTree ├── dotenv@2.0.0
131 silly idealTree ├── double-ended-queue@2.1.0-0
131 silly idealTree ├── ee-first@1.1.1
131 silly idealTree ├── escape-html@1.0.3
131 silly idealTree ├── escape-string-regexp@1.0.5
131 silly idealTree ├── esutils@2.0.2
131 silly idealTree ├── etag@1.7.0
131 silly idealTree ├─┬ express@4.13.4
131 silly idealTree │ └── qs@4.0.0
131 silly idealTree ├── extend@2.0.1
131 silly idealTree ├── finalhandler@0.4.1
131 silly idealTree ├── findup-sync@0.2.1
131 silly idealTree ├── flagged-respawn@0.3.2
131 silly idealTree ├─┬ form-data@1.0.0-rc3
131 silly idealTree │ └── async@1.5.2
131 silly idealTree ├── formidable@1.0.17
131 silly idealTree ├── forwarded@0.1.0
131 silly idealTree ├── fresh@0.3.0
131 silly idealTree ├── generic-pool@2.1.1
131 silly idealTree ├── glob@4.3.5
131 silly idealTree ├── globals@8.18.0
131 silly idealTree ├── graceful-fs@2.0.3
131 silly idealTree ├── graceful-readlink@1.0.1
131 silly idealTree ├── growl@1.8.1
131 silly idealTree ├── has-ansi@2.0.0
131 silly idealTree ├── hashmap@2.0.5
131 silly idealTree ├── http-errors@1.4.0
131 silly idealTree ├── iconv-lite@0.4.13
131 silly idealTree ├── inflight@1.0.4
131 silly idealTree ├── inherits@2.0.1
131 silly idealTree ├── interpret@0.6.6
131 silly idealTree ├── invariant@2.2.1
131 silly idealTree ├── ipaddr.js@1.0.5
131 silly idealTree ├── is-buffer@1.1.3
131 silly idealTree ├── is-finite@1.0.1
131 silly idealTree ├── is-promise@2.1.0
131 silly idealTree ├── isarray@0.0.1
131 silly idealTree ├── jade@1.11.0
131 silly idealTree ├── js-tokens@1.0.3
131 silly idealTree ├── jstransformer@0.0.2
131 silly idealTree ├── keygrip@1.0.1
131 silly idealTree ├── kind-of@3.0.2
131 silly idealTree ├─┬ knex@0.10.0
131 silly idealTree │ └── minimist@1.1.3
131 silly idealTree ├── lazy-cache@1.0.4
131 silly idealTree ├─┬ liftoff@2.0.3
131 silly idealTree │ └── minimist@1.1.3
131 silly idealTree ├── lodash._baseassign@3.2.0
131 silly idealTree ├── lodash._basecopy@3.0.1
131 silly idealTree ├── lodash._baseflatten@3.1.4
131 silly idealTree ├── lodash._basefor@3.0.3
131 silly idealTree ├── lodash._bindcallback@3.0.1
131 silly idealTree ├── lodash._createassigner@3.1.1
131 silly idealTree ├── lodash._getnative@3.9.1
131 silly idealTree ├── lodash._isiterateecall@3.0.9
131 silly idealTree ├── lodash._pickbyarray@3.0.2
131 silly idealTree ├── lodash._pickbycallback@3.0.0
131 silly idealTree ├── lodash.assign@3.2.0
131 silly idealTree ├── lodash.isarguments@3.0.8
131 silly idealTree ├── lodash.isarray@3.0.4
131 silly idealTree ├── lodash.keys@3.1.2
131 silly idealTree ├── lodash.keysin@3.0.8
131 silly idealTree ├── lodash.pick@3.1.0
131 silly idealTree ├── lodash.restparam@3.6.1
131 silly idealTree ├── lodash@3.10.1
131 silly idealTree ├── longest@1.0.1
131 silly idealTree ├── loose-envify@1.1.0
131 silly idealTree ├── lru-cache@2.7.3
131 silly idealTree ├── media-typer@0.3.0
131 silly idealTree ├── merge-descriptors@1.0.1
131 silly idealTree ├── method-override@2.3.5
131 silly idealTree ├── methods@1.1.2
131 silly idealTree ├── mime-db@1.22.0
131 silly idealTree ├── mime-types@2.1.10
131 silly idealTree ├── mime@1.3.4
131 silly idealTree ├── minimatch@2.0.10
131 silly idealTree ├── minimist@0.0.8
131 silly idealTree ├── mkdirp@0.5.1
131 silly idealTree ├─┬ mocha@2.4.5
131 silly idealTree │ ├── commander@2.3.0
131 silly idealTree │ ├── escape-string-regexp@1.0.2
131 silly idealTree │ ├── glob@3.2.3
131 silly idealTree │ ├─┬ jade@0.26.3
131 silly idealTree │ │ ├── commander@0.6.1
131 silly idealTree │ │ └── mkdirp@0.3.0
131 silly idealTree │ ├── minimatch@0.2.14
131 silly idealTree │ └── supports-color@1.2.0
131 silly idealTree ├── morgan@1.7.0
131 silly idealTree ├── ms@0.7.1
131 silly idealTree ├── nan@2.2.1
131 silly idealTree ├── negotiator@0.5.3
131 silly idealTree ├── number-is-nan@1.0.0
131 silly idealTree ├── oauth@0.9.14
131 silly idealTree ├── on-finished@2.3.0
131 silly idealTree ├── on-headers@1.0.1
131 silly idealTree ├── once@1.3.3
131 silly idealTree ├── optimist@0.3.7
131 silly idealTree ├── packet-reader@0.2.0
131 silly idealTree ├── parseurl@1.3.1
131 silly idealTree ├── passport-facebook@2.1.0
131 silly idealTree ├── passport-github2@0.1.10
131 silly idealTree ├── passport-local@1.0.0
131 silly idealTree ├── passport-oauth2@1.3.0
131 silly idealTree ├── passport-strategy@1.0.0
131 silly idealTree ├── passport@0.3.2
131 silly idealTree ├── path-to-regexp@0.1.7
131 silly idealTree ├── pause@0.0.1
131 silly idealTree ├── pg-connection-string@0.1.3
131 silly idealTree ├── pg-types@1.11.0
131 silly idealTree ├── pg@4.5.3
131 silly idealTree ├── pgpass@0.0.3
131 silly idealTree ├── pool2@1.3.4
131 silly idealTree ├── postgres-array@1.0.0
131 silly idealTree ├── postgres-bytea@1.0.0
131 silly idealTree ├── postgres-date@1.0.1
131 silly idealTree ├── postgres-interval@1.0.2
131 silly idealTree ├── promise@6.1.0
131 silly idealTree ├── proxy-addr@1.0.10
131 silly idealTree ├── qs@6.1.0
131 silly idealTree ├── range-parser@1.0.3
131 silly idealTree ├─┬ raw-body@2.1.6
131 silly idealTree │ └── bytes@2.3.0
131 silly idealTree ├── readable-stream@1.1.14
131 silly idealTree ├── reduce-component@1.0.1
131 silly idealTree ├── repeat-string@1.5.4
131 silly idealTree ├── repeating@1.1.3
131 silly idealTree ├── resolve@1.1.7
131 silly idealTree ├── right-align@0.1.3
131 silly idealTree ├── semver@4.3.6
131 silly idealTree ├─┬ send@0.13.1
131 silly idealTree │ └── http-errors@1.3.1
131 silly idealTree ├── serve-static@1.10.2
131 silly idealTree ├── sigmund@1.0.1
131 silly idealTree ├── simple-backoff@1.0.0
131 silly idealTree ├── source-map@0.4.4
131 silly idealTree ├── split@0.3.3
131 silly idealTree ├── statuses@1.2.1
131 silly idealTree ├── string_decoder@0.10.31
131 silly idealTree ├── strip-ansi@3.0.1
131 silly idealTree ├─┬ superagent@1.8.3
131 silly idealTree │ ├── extend@3.0.0
131 silly idealTree │ ├── qs@2.3.3
131 silly idealTree │ └── readable-stream@1.0.27-1
131 silly idealTree ├── supertest@1.2.0
131 silly idealTree ├── supports-color@2.0.0
131 silly idealTree ├── through@2.3.8
131 silly idealTree ├── tildify@1.0.0
131 silly idealTree ├── to-fast-properties@1.0.2
131 silly idealTree ├─┬ transformers@2.1.0
131 silly idealTree │ ├── is-promise@1.0.1
131 silly idealTree │ ├── promise@2.0.0
131 silly idealTree │ ├── source-map@0.1.43
131 silly idealTree │ └── uglify-js@2.2.5
131 silly idealTree ├── type-detect@1.0.0
131 silly idealTree ├── type-is@1.6.12
131 silly idealTree ├─┬ uglify-js@2.6.2
131 silly idealTree │ └── source-map@0.5.4
131 silly idealTree ├── uglify-to-browserify@1.0.2
131 silly idealTree ├── uid2@0.0.3
131 silly idealTree ├── unpipe@1.0.0
131 silly idealTree ├── user-home@1.1.1
131 silly idealTree ├── utils-merge@1.0.0
131 silly idealTree ├── v8flags@2.0.11
131 silly idealTree ├── vary@1.0.1
131 silly idealTree ├── void-elements@2.0.1
131 silly idealTree ├── window-size@0.1.0
131 silly idealTree ├─┬ with@4.0.3
131 silly idealTree │ └── acorn@1.2.2
131 silly idealTree ├── wordwrap@0.0.3
131 silly idealTree ├── wrappy@1.0.1
131 silly idealTree ├── xtend@4.0.1
131 silly idealTree └── yargs@3.10.0
132 silly generateActionsToTake Starting
133 silly install generateActionsToTake
134 silly generateActionsToTake Finishing
135 silly diffTrees action count 3
136 silly diffTrees add bindings@1.2.1
137 silly diffTrees add nan@2.2.1
138 silly diffTrees add bcrypt@0.8.6
139 silly decomposeActions action count 24
140 silly decomposeActions fetch bindings@1.2.1
141 silly decomposeActions extract bindings@1.2.1
142 silly decomposeActions test bindings@1.2.1
143 silly decomposeActions preinstall bindings@1.2.1
144 silly decomposeActions build bindings@1.2.1
145 silly decomposeActions install bindings@1.2.1
146 silly decomposeActions postinstall bindings@1.2.1
147 silly decomposeActions finalize bindings@1.2.1
148 silly decomposeActions fetch nan@2.2.1
149 silly decomposeActions extract nan@2.2.1
150 silly decomposeActions test nan@2.2.1
151 silly decomposeActions preinstall nan@2.2.1
152 silly decomposeActions build nan@2.2.1
153 silly decomposeActions install nan@2.2.1
154 silly decomposeActions postinstall nan@2.2.1
155 silly decomposeActions finalize nan@2.2.1
156 silly decomposeActions fetch bcrypt@0.8.6
157 silly decomposeActions extract bcrypt@0.8.6
158 silly decomposeActions test bcrypt@0.8.6
159 silly decomposeActions preinstall bcrypt@0.8.6
160 silly decomposeActions build bcrypt@0.8.6
161 silly decomposeActions install bcrypt@0.8.6
162 silly decomposeActions postinstall bcrypt@0.8.6
163 silly decomposeActions finalize bcrypt@0.8.6
164 silly executeActions Starting
165 silly install executeActions
166 silly doSerial global-install 0
167 silly doParallel fetch 3
168 verbose correctMkdir /Users/stevemclaughlin/.npm/_locks correctMkdir not in flight; initializing
169 verbose lock using /Users/stevemclaughlin/.npm/_locks/staging-abfbaeb8f0ea37f0.lock for /Users/stevemclaughlin/Desktop/g22/CodeSpot/node_modules/.staging
170 silly doParallel extract 3
171 silly extract bindings@1.2.1
172 silly extract nan@2.2.1
173 silly extract bcrypt@0.8.6
174 verbose unbuild node_modules/.staging/nan-20abe80b
175 verbose unbuild node_modules/.staging/bindings-af34054f
176 verbose unbuild node_modules/.staging/bcrypt-03c5835f
177 silly gentlyRm /Users/stevemclaughlin/Desktop/g22/CodeSpot/node_modules/.staging/nan-20abe80b is being purged from base /Users/stevemclaughlin/Desktop/g22/CodeSpot
178 verbose gentlyRm don't care about contents; nuking /Users/stevemclaughlin/Desktop/g22/CodeSpot/node_modules/.staging/nan-20abe80b
179 silly gentlyRm /Users/stevemclaughlin/Desktop/g22/CodeSpot/node_modules/.staging/bindings-af34054f is being purged from base /Users/stevemclaughlin/Desktop/g22/CodeSpot
180 verbose gentlyRm don't care about contents; nuking /Users/stevemclaughlin/Desktop/g22/CodeSpot/node_modules/.staging/bindings-af34054f
181 silly gentlyRm /Users/stevemclaughlin/Desktop/g22/CodeSpot/node_modules/.staging/bcrypt-03c5835f is being purged from base /Users/stevemclaughlin/Desktop/g22/CodeSpot
182 verbose gentlyRm don't care about contents; nuking /Users/stevemclaughlin/Desktop/g22/CodeSpot/node_modules/.staging/bcrypt-03c5835f
183 verbose tar unpack /Users/stevemclaughlin/.npm/nan/2.2.1/package.tgz
184 verbose tar unpacking to /Users/stevemclaughlin/Desktop/g22/CodeSpot/node_modules/.staging/nan-20abe80b
185 silly gentlyRm /Users/stevemclaughlin/Desktop/g22/CodeSpot/node_modules/.staging/nan-20abe80b is being purged
186 verbose gentlyRm don't care about contents; nuking /Users/stevemclaughlin/Desktop/g22/CodeSpot/node_modules/.staging/nan-20abe80b
187 verbose tar unpack /Users/stevemclaughlin/.npm/bindings/1.2.1/package.tgz
188 verbose tar unpacking to /Users/stevemclaughlin/Desktop/g22/CodeSpot/node_modules/.staging/bindings-af34054f
189 silly gentlyRm /Users/stevemclaughlin/Desktop/g22/CodeSpot/node_modules/.staging/bindings-af34054f is being purged
190 verbose gentlyRm don't care about contents; nuking /Users/stevemclaughlin/Desktop/g22/CodeSpot/node_modules/.staging/bindings-af34054f
191 verbose tar unpack /Users/stevemclaughlin/.npm/bcrypt/0.8.6/package.tgz
192 verbose tar unpacking to /Users/stevemclaughlin/Desktop/g22/CodeSpot/node_modules/.staging/bcrypt-03c5835f
193 silly gentlyRm /Users/stevemclaughlin/Desktop/g22/CodeSpot/node_modules/.staging/bcrypt-03c5835f is being purged
194 verbose gentlyRm don't care about contents; nuking /Users/stevemclaughlin/Desktop/g22/CodeSpot/node_modules/.staging/bcrypt-03c5835f
195 silly gunzTarPerm modes [ '755', '644' ]
196 silly gunzTarPerm modes [ '755', '644' ]
197 silly gunzTarPerm modes [ '755', '644' ]
198 silly gunzTarPerm extractEntry package.json
199 silly gunzTarPerm modified mode [ 'package.json', 436, 420 ]
200 silly gunzTarPerm extractEntry package.json
201 silly gunzTarPerm extractEntry package.json
202 silly gunzTarPerm extractEntry include_dirs.js
203 silly gunzTarPerm modified mode [ 'include_dirs.js', 436, 420 ]
204 silly gunzTarPerm extractEntry nan_converters.h
205 silly gunzTarPerm modified mode [ 'nan_converters.h', 436, 420 ]
206 silly gunzTarPerm extractEntry README.md
207 silly gunzTarPerm extractEntry bindings.js
208 silly gunzTarPerm extractEntry .npmignore
209 silly gunzTarPerm extractEntry README.md
210 silly gunzTarPerm extractEntry LICENSE.md
211 silly gunzTarPerm modified mode [ 'LICENSE.md', 436, 420 ]
212 silly gunzTarPerm extractEntry .dntrc
213 silly gunzTarPerm modified mode [ '.dntrc', 436, 420 ]
214 silly gunzTarPerm extractEntry LICENSE
215 silly gunzTarPerm extractEntry bcrypt.js
216 silly gunzTarPerm extractEntry Makefile
217 silly gunzTarPerm extractEntry .travis.yml
218 silly gunzTarPerm extractEntry CHANGELOG.md
219 silly gunzTarPerm extractEntry binding.gyp
220 silly gunzTarPerm extractEntry examples/async_compare.js
221 silly gunzTarPerm extractEntry examples/forever_gen_salt.js
222 silly gunzTarPerm extractEntry test/async.js
223 silly gunzTarPerm extractEntry test/repetitions.js
224 silly gunzTarPerm extractEntry test/sync.js
225 silly gunzTarPerm extractEntry src/bcrypt.cc
226 silly gunzTarPerm extractEntry src/bcrypt_node.cc
227 silly gunzTarPerm extractEntry src/blowfish.cc
228 silly gunzTarPerm extractEntry src/node_blf.h
229 silly gunzTarPerm extractEntry werker.yml
230 silly gunzTarPerm extractEntry appveyor.yml
231 silly gunzTarPerm modified mode [ 'appveyor.yml', 436, 420 ]
232 silly gunzTarPerm extractEntry doc/new.md
233 silly gunzTarPerm modified mode [ 'doc/new.md', 436, 420 ]
234 silly gunzTarPerm extractEntry doc/.build.sh
235 silly gunzTarPerm modified mode [ 'doc/.build.sh', 509, 493 ]
236 silly gunzTarPerm extractEntry doc/buffers.md
237 silly gunzTarPerm modified mode [ 'doc/buffers.md', 436, 420 ]
238 silly gunzTarPerm extractEntry doc/callback.md
239 silly gunzTarPerm modified mode [ 'doc/callback.md', 436, 420 ]
240 silly gentlyRm /Users/stevemclaughlin/Desktop/g22/CodeSpot/node_modules/.staging/bindings-af34054f/node_modules is being purged
241 verbose gentlyRm don't care about contents; nuking /Users/stevemclaughlin/Desktop/g22/CodeSpot/node_modules/.staging/bindings-af34054f/node_modules
242 silly gunzTarPerm extractEntry doc/converters.md
243 silly gunzTarPerm modified mode [ 'doc/converters.md', 436, 420 ]
244 silly gunzTarPerm extractEntry doc/errors.md
245 silly gunzTarPerm modified mode [ 'doc/errors.md', 436, 420 ]
246 silly gunzTarPerm extractEntry doc/maybe_types.md
247 silly gunzTarPerm modified mode [ 'doc/maybe_types.md', 436, 420 ]
248 silly gunzTarPerm extractEntry doc/methods.md
249 silly gunzTarPerm modified mode [ 'doc/methods.md', 436, 420 ]
250 silly gunzTarPerm extractEntry doc/asyncworker.md
251 silly gunzTarPerm modified mode [ 'doc/asyncworker.md', 436, 420 ]
252 silly gunzTarPerm extractEntry doc/node_misc.md
253 silly gunzTarPerm modified mode [ 'doc/node_misc.md', 436, 420 ]
254 silly gunzTarPerm extractEntry doc/object_wrappers.md
255 silly gunzTarPerm modified mode [ 'doc/object_wrappers.md', 436, 420 ]
256 silly gunzTarPerm extractEntry doc/persistent.md
257 silly gunzTarPerm modified mode [ 'doc/persistent.md', 436, 420 ]
258 silly gunzTarPerm extractEntry doc/scopes.md
259 silly gunzTarPerm modified mode [ 'doc/scopes.md', 436, 420 ]
260 silly gunzTarPerm extractEntry doc/script.md
261 silly gunzTarPerm modified mode [ 'doc/script.md', 436, 420 ]
262 silly gunzTarPerm extractEntry doc/string_bytes.md
263 silly gunzTarPerm modified mode [ 'doc/string_bytes.md', 436, 420 ]
264 silly gunzTarPerm extractEntry doc/v8_internals.md
265 silly gunzTarPerm modified mode [ 'doc/v8_internals.md', 436, 420 ]
266 silly gunzTarPerm extractEntry doc/v8_misc.md
267 silly gunzTarPerm modified mode [ 'doc/v8_misc.md', 436, 420 ]
268 silly gunzTarPerm extractEntry nan.h
269 silly gunzTarPerm modified mode [ 'nan.h', 436, 420 ]
270 silly gunzTarPerm extractEntry nan_callbacks.h
271 silly gunzTarPerm modified mode [ 'nan_callbacks.h', 436, 420 ]
272 silly gunzTarPerm extractEntry nan_callbacks_12_inl.h
273 silly gunzTarPerm modified mode [ 'nan_callbacks_12_inl.h', 436, 420 ]
274 silly gunzTarPerm extractEntry nan_callbacks_pre_12_inl.h
275 silly gunzTarPerm modified mode [ 'nan_callbacks_pre_12_inl.h', 436, 420 ]
276 silly gunzTarPerm extractEntry nan_converters_43_inl.h
277 silly gunzTarPerm modified mode [ 'nan_converters_43_inl.h', 436, 420 ]
278 silly gunzTarPerm extractEntry nan_converters_pre_43_inl.h
279 silly gunzTarPerm modified mode [ 'nan_converters_pre_43_inl.h', 436, 420 ]
280 silly gunzTarPerm extractEntry nan_implementation_12_inl.h
281 silly gunzTarPerm modified mode [ 'nan_implementation_12_inl.h', 436, 420 ]
282 silly gunzTarPerm extractEntry nan_implementation_pre_12_inl.h
283 silly gunzTarPerm modified mode [ 'nan_implementation_pre_12_inl.h', 436, 420 ]
284 silly gunzTarPerm extractEntry nan_maybe_43_inl.h
285 silly gunzTarPerm modified mode [ 'nan_maybe_43_inl.h', 436, 420 ]
286 silly gunzTarPerm extractEntry nan_maybe_pre_43_inl.h
287 silly gunzTarPerm modified mode [ 'nan_maybe_pre_43_inl.h', 436, 420 ]
288 silly gunzTarPerm extractEntry nan_new.h
289 silly gunzTarPerm modified mode [ 'nan_new.h', 436, 420 ]
290 silly gunzTarPerm extractEntry nan_object_wrap.h
291 silly gunzTarPerm modified mode [ 'nan_object_wrap.h', 436, 420 ]
292 silly gunzTarPerm extractEntry nan_persistent_12_inl.h
293 silly gunzTarPerm modified mode [ 'nan_persistent_12_inl.h', 436, 420 ]
294 silly gunzTarPerm extractEntry nan_persistent_pre_12_inl.h
295 silly gunzTarPerm modified mode [ 'nan_persistent_pre_12_inl.h', 436, 420 ]
296 silly gunzTarPerm extractEntry nan_string_bytes.h
297 silly gunzTarPerm modified mode [ 'nan_string_bytes.h', 436, 420 ]
298 silly gunzTarPerm extractEntry nan_typedarray_contents.h
299 silly gunzTarPerm modified mode [ 'nan_typedarray_contents.h', 436, 420 ]
300 silly gunzTarPerm extractEntry nan_weak.h
301 silly gunzTarPerm modified mode [ 'nan_weak.h', 436, 420 ]
302 silly gunzTarPerm extractEntry CHANGELOG.md
303 silly gunzTarPerm modified mode [ 'CHANGELOG.md', 436, 420 ]
304 silly gunzTarPerm extractEntry tools/package.json
305 silly gunzTarPerm modified mode [ 'tools/package.json', 436, 420 ]
306 silly gunzTarPerm extractEntry tools/README.md
307 silly gunzTarPerm modified mode [ 'tools/README.md', 436, 420 ]
308 silly gunzTarPerm extractEntry tools/1to2.js
309 silly gunzTarPerm modified mode [ 'tools/1to2.js', 509, 493 ]
310 silly gentlyRm /Users/stevemclaughlin/Desktop/g22/CodeSpot/node_modules/.staging/bcrypt-03c5835f/node_modules is being purged
311 verbose gentlyRm don't care about contents; nuking /Users/stevemclaughlin/Desktop/g22/CodeSpot/node_modules/.staging/bcrypt-03c5835f/node_modules
312 silly gentlyRm /Users/stevemclaughlin/Desktop/g22/CodeSpot/node_modules/.staging/nan-20abe80b/node_modules is being purged
313 verbose gentlyRm don't care about contents; nuking /Users/stevemclaughlin/Desktop/g22/CodeSpot/node_modules/.staging/nan-20abe80b/node_modules
314 silly doParallel preinstall 3
315 silly preinstall bindings@1.2.1 /Users/stevemclaughlin/Desktop/g22/CodeSpot/node_modules/.staging/bindings-af34054f
316 info lifecycle bindings@1.2.1~preinstall: bindings@1.2.1
317 silly preinstall nan@2.2.1 /Users/stevemclaughlin/Desktop/g22/CodeSpot/node_modules/.staging/nan-20abe80b
318 info lifecycle nan@2.2.1~preinstall: nan@2.2.1
319 silly preinstall bcrypt@0.8.6 /Users/stevemclaughlin/Desktop/g22/CodeSpot/node_modules/.staging/bcrypt-03c5835f
320 info lifecycle bcrypt@0.8.6~preinstall: bcrypt@0.8.6
321 silly lifecycle bindings@1.2.1~preinstall: no script for preinstall, continuing
322 silly lifecycle nan@2.2.1~preinstall: no script for preinstall, continuing
323 silly lifecycle bcrypt@0.8.6~preinstall: no script for preinstall, continuing
324 silly doReverseSerial remove 0
325 silly doSerial move 0
326 silly doSerial finalize 3
327 silly finalize /Users/stevemclaughlin/Desktop/g22/CodeSpot/node_modules/bindings
328 silly finalize /Users/stevemclaughlin/Desktop/g22/CodeSpot/node_modules/nan
329 silly finalize /Users/stevemclaughlin/Desktop/g22/CodeSpot/node_modules/bcrypt
330 silly doSerial build 3
331 silly build bindings@1.2.1
332 info linkStuff bindings@1.2.1
333 silly linkStuff bindings@1.2.1 has /Users/stevemclaughlin/Desktop/g22/CodeSpot/node_modules as its parent node_modules
334 verbose linkBins bindings@1.2.1
335 verbose linkMans bindings@1.2.1
336 silly build nan@2.2.1
337 info linkStuff nan@2.2.1
338 silly linkStuff nan@2.2.1 has /Users/stevemclaughlin/Desktop/g22/CodeSpot/node_modules as its parent node_modules
339 verbose linkBins nan@2.2.1
340 verbose linkMans nan@2.2.1
341 silly build bcrypt@0.8.6
342 info linkStuff bcrypt@0.8.6
343 silly linkStuff bcrypt@0.8.6 has /Users/stevemclaughlin/Desktop/g22/CodeSpot/node_modules as its parent node_modules
344 verbose linkBins bcrypt@0.8.6
345 verbose linkMans bcrypt@0.8.6
346 silly doSerial global-link 0
347 silly doParallel update-linked 0
348 silly doSerial install 3
349 silly install bindings@1.2.1 /Users/stevemclaughlin/Desktop/g22/CodeSpot/node_modules/.staging/bindings-af34054f
350 info lifecycle bindings@1.2.1~install: bindings@1.2.1
351 silly lifecycle bindings@1.2.1~install: no script for install, continuing
352 silly install nan@2.2.1 /Users/stevemclaughlin/Desktop/g22/CodeSpot/node_modules/.staging/nan-20abe80b
353 info lifecycle nan@2.2.1~install: nan@2.2.1
354 silly lifecycle nan@2.2.1~install: no script for install, continuing
355 silly install bcrypt@0.8.6 /Users/stevemclaughlin/Desktop/g22/CodeSpot/node_modules/.staging/bcrypt-03c5835f
356 info lifecycle bcrypt@0.8.6~install: bcrypt@0.8.6
357 verbose lifecycle bcrypt@0.8.6~install: unsafe-perm in lifecycle false
358 verbose lifecycle bcrypt@0.8.6~install: PATH: /usr/local/lib/node_modules/npm/bin/node-gyp-bin:/Users/stevemclaughlin/Desktop/g22/CodeSpot/node_modules/bcrypt/node_modules/.bin:/Users/stevemclaughlin/Desktop/g22/CodeSpot/node_modules/.bin:/usr/local/bin:/usr/local/bin:/usr/bin:/bin:/usr/sbin:/sbin
359 verbose lifecycle bcrypt@0.8.6~install: CWD: /Users/stevemclaughlin/Desktop/g22/CodeSpot/node_modules/bcrypt
360 silly lifecycle bcrypt@0.8.6~install: Args: [ '-c', 'node-gyp rebuild' ]
361 silly lifecycle bcrypt@0.8.6~install: Returned: code: 1  signal: null
362 info lifecycle bcrypt@0.8.6~install: Failed to exec install script
363 verbose unlock done using /Users/stevemclaughlin/.npm/_locks/staging-abfbaeb8f0ea37f0.lock for /Users/stevemclaughlin/Desktop/g22/CodeSpot/node_modules/.staging
364 silly rollbackFailedOptional Starting
365 silly rollbackFailedOptional Finishing
366 silly runTopLevelLifecycles Starting
367 silly runTopLevelLifecycles Finishing
368 silly install printInstalled
369 warn code_spot@1.0.0 No description
370 warn code_spot@1.0.0 No repository field.
371 verbose stack Error: bcrypt@0.8.6 install: `node-gyp rebuild`
371 verbose stack Exit status 1
371 verbose stack     at EventEmitter.<anonymous> (/usr/local/lib/node_modules/npm/lib/utils/lifecycle.js:239:16)
371 verbose stack     at emitTwo (events.js:100:13)
371 verbose stack     at EventEmitter.emit (events.js:185:7)
371 verbose stack     at ChildProcess.<anonymous> (/usr/local/lib/node_modules/npm/lib/utils/spawn.js:24:14)
371 verbose stack     at emitTwo (events.js:100:13)
371 verbose stack     at ChildProcess.emit (events.js:185:7)
371 verbose stack     at maybeClose (internal/child_process.js:827:16)
371 verbose stack     at Process.ChildProcess._handle.onexit (internal/child_process.js:211:5)
372 verbose pkgid bcrypt@0.8.6
373 verbose cwd /Users/stevemclaughlin/Desktop/g22/CodeSpot
374 error Darwin 15.4.0
375 error argv "/usr/local/bin/node" "/usr/local/bin/npm" "install"
376 error node v5.7.0
377 error npm  v3.8.5
378 error code ELIFECYCLE
379 error bcrypt@0.8.6 install: `node-gyp rebuild`
379 error Exit status 1
380 error Failed at the bcrypt@0.8.6 install script 'node-gyp rebuild'.
380 error Make sure you have the latest version of node.js and npm installed.
380 error If you do, this is most likely a problem with the bcrypt package,
380 error not with npm itself.
380 error Tell the author that this fails on your system:
380 error     node-gyp rebuild
380 error You can get information on how to open an issue for this project with:
380 error     npm bugs bcrypt
380 error Or if that isn't available, you can get their info via:
380 error     npm owner ls bcrypt
380 error There is likely additional logging output above.
381 verbose exit [ 1, true ]
